[2023-02-28T09:22:29.975] [INFO] debug - Report Aggregation started
[2023-02-28T09:22:29.981] [INFO] debug - Included metrics for suite: 0-3 suite-0-0
[2023-02-28T09:22:29.981] [INFO] debug - Included metrics for suite: 0-4 suite-0-0
[2023-02-28T09:22:29.981] [INFO] debug - Included metrics for suite: 0-1 suite-0-0
[2023-02-28T09:22:29.982] [INFO] debug - Included metrics for suite: 0-2 suite-0-0
[2023-02-28T09:22:29.982] [INFO] debug - Included metrics for suite: 0-5 suite-0-0
[2023-02-28T09:22:29.982] [INFO] debug - Included metrics for suite: 0-0 suite-0-0
[2023-02-28T09:22:29.983] [INFO] debug - Aggregated 6 specs, 6 suites, 
[2023-02-28T09:22:29.983] [INFO] debug - Json report write starting: C:\Users\jerem\OneDrive\Desktop\WebdriverIO\reports\html-reports\master-report.json
[2023-02-28T09:22:30.010] [INFO] debug - Json write completed: C:\Users\jerem\OneDrive\Desktop\WebdriverIO\reports\html-reports\master-report.json
[2023-02-28T09:22:30.010] [INFO] debug - Json Generation Completed
[2023-02-28T09:22:30.011] [INFO] debug - Html Generation started in C:\Users\jerem\OneDrive\Desktop\WebdriverIO\node_modules\wdio-html-nice-reporter
[2023-02-28T09:22:30.031] [INFO] debug - Html Generation Completed
[2023-02-28T09:22:30.037] [INFO] debug - copyied css : C:\Users\jerem\OneDrive\Desktop\WebdriverIO\node_modules\wdio-html-nice-reporter\css\ to C:\Users\jerem\OneDrive\Desktop\WebdriverIO\reports\html-reports\
[2023-02-28T09:22:30.045] [INFO] debug - browser launched
[2023-02-28T09:22:30.045] [INFO] debug - Report Aggregation completed
[2023-02-28T09:23:41.441] [INFO] debug - Report Aggregation started
[2023-02-28T09:23:41.447] [INFO] debug - Included metrics for suite: 0-3 suite-0-0
[2023-02-28T09:23:41.448] [INFO] debug - Included metrics for suite: 0-4 suite-0-0
[2023-02-28T09:23:41.448] [INFO] debug - Included metrics for suite: 0-1 suite-0-0
[2023-02-28T09:23:41.448] [INFO] debug - Included metrics for suite: 0-2 suite-0-0
[2023-02-28T09:23:41.449] [INFO] debug - Included metrics for suite: 0-5 suite-0-0
[2023-02-28T09:23:41.449] [INFO] debug - Included metrics for suite: 0-0 suite-0-0
[2023-02-28T09:23:41.449] [INFO] debug - Included metrics for suite: 0-3 suite-0-0
[2023-02-28T09:23:41.450] [INFO] debug - Included metrics for suite: 0-4 suite-0-0
[2023-02-28T09:23:41.450] [INFO] debug - Included metrics for suite: 0-1 suite-0-0
[2023-02-28T09:23:41.450] [INFO] debug - Included metrics for suite: 0-2 suite-0-0
[2023-02-28T09:23:41.450] [INFO] debug - Included metrics for suite: 0-5 suite-0-0
[2023-02-28T09:23:41.450] [INFO] debug - Included metrics for suite: 0-0 suite-0-0
[2023-02-28T09:23:41.451] [INFO] debug - Aggregated 7 specs, 12 suites, 
[2023-02-28T09:23:41.452] [INFO] debug - Json report write starting: C:\Users\jerem\OneDrive\Desktop\WebdriverIO\reports\html-reports\master-report.json
[2023-02-28T09:23:41.484] [INFO] debug - Json write completed: C:\Users\jerem\OneDrive\Desktop\WebdriverIO\reports\html-reports\master-report.json
[2023-02-28T09:23:41.485] [INFO] debug - Json Generation Completed
[2023-02-28T09:23:41.485] [INFO] debug - Html Generation started in C:\Users\jerem\OneDrive\Desktop\WebdriverIO\node_modules\wdio-html-nice-reporter
[2023-02-28T09:23:41.508] [INFO] debug - Html Generation Completed
[2023-02-28T09:23:41.515] [INFO] debug - copyied css : C:\Users\jerem\OneDrive\Desktop\WebdriverIO\node_modules\wdio-html-nice-reporter\css\ to C:\Users\jerem\OneDrive\Desktop\WebdriverIO\reports\html-reports\
[2023-02-28T09:23:41.522] [INFO] debug - browser launched
[2023-02-28T09:23:41.522] [INFO] debug - Report Aggregation completed
[2023-03-02T07:26:12.320] [INFO] debug - Report Aggregation started
[2023-03-02T07:26:12.327] [INFO] debug - Included metrics for suite: 0-3 suite-0-0
[2023-03-02T07:26:12.327] [INFO] debug - Included metrics for suite: 0-4 suite-0-0
[2023-03-02T07:26:12.327] [INFO] debug - Included metrics for suite: 0-1 suite-0-0
[2023-03-02T07:26:12.328] [INFO] debug - Included metrics for suite: 0-2 suite-0-0
[2023-03-02T07:26:12.328] [INFO] debug - Included metrics for suite: 0-5 suite-0-0
[2023-03-02T07:26:12.328] [INFO] debug - Included metrics for suite: 0-0 suite-0-0
[2023-03-02T07:26:12.328] [INFO] debug - Included metrics for suite: 0-3 suite-0-0
[2023-03-02T07:26:12.329] [INFO] debug - Included metrics for suite: 0-4 suite-0-0
[2023-03-02T07:26:12.329] [INFO] debug - Included metrics for suite: 0-1 suite-0-0
[2023-03-02T07:26:12.329] [INFO] debug - Included metrics for suite: 0-2 suite-0-0
[2023-03-02T07:26:12.329] [INFO] debug - Included metrics for suite: 0-5 suite-0-0
[2023-03-02T07:26:12.329] [INFO] debug - Included metrics for suite: 0-0 suite-0-0
[2023-03-02T07:26:12.330] [INFO] debug - Included metrics for suite: 0-1 suite-0-0
[2023-03-02T07:26:12.330] [INFO] debug - Included metrics for suite: 0-2 suite-0-0
[2023-03-02T07:26:12.330] [INFO] debug - Included metrics for suite: 0-3 suite-0-0
[2023-03-02T07:26:12.330] [INFO] debug - Included metrics for suite: 0-0 suite-0-0
[2023-03-02T07:26:12.330] [INFO] debug - Included metrics for suite: 0-4 suite-0-0
[2023-03-02T07:26:12.331] [INFO] debug - Included metrics for suite: 0-5 suite-0-0
[2023-03-02T07:26:12.331] [INFO] debug - Aggregated 7 specs, 18 suites, 
[2023-03-02T07:26:12.332] [INFO] debug - Json report write starting: C:\Users\jerem\OneDrive\Desktop\WebdriverIO\reports\html-reports\master-report.json
[2023-03-02T07:26:12.376] [INFO] debug - Json write completed: C:\Users\jerem\OneDrive\Desktop\WebdriverIO\reports\html-reports\master-report.json
[2023-03-02T07:26:12.377] [INFO] debug - Json Generation Completed
[2023-03-02T07:26:12.377] [INFO] debug - Html Generation started in C:\Users\jerem\OneDrive\Desktop\WebdriverIO\node_modules\wdio-html-nice-reporter
[2023-03-02T07:26:12.404] [INFO] debug - Html Generation Completed
[2023-03-02T07:26:12.412] [INFO] debug - copyied css : C:\Users\jerem\OneDrive\Desktop\WebdriverIO\node_modules\wdio-html-nice-reporter\css\ to C:\Users\jerem\OneDrive\Desktop\WebdriverIO\reports\html-reports\
[2023-03-02T07:26:12.421] [INFO] debug - browser launched
[2023-03-02T07:26:12.421] [INFO] debug - Report Aggregation completed
[2023-03-02T07:26:43.512] [INFO] debug - Report Aggregation started
[2023-03-02T07:27:15.384] [INFO] debug - Report Aggregation started
[2023-03-02T07:27:15.390] [INFO] debug - Included metrics for suite: 0-3 suite-0-0
[2023-03-02T07:27:15.391] [INFO] debug - Included metrics for suite: 0-4 suite-0-0
[2023-03-02T07:27:15.391] [INFO] debug - Included metrics for suite: 0-5 suite-0-0
[2023-03-02T07:27:15.391] [INFO] debug - Included metrics for suite: 0-0 suite-0-0
[2023-03-02T07:27:15.391] [INFO] debug - Included metrics for suite: 0-2 suite-0-0
[2023-03-02T07:27:15.391] [INFO] debug - Included metrics for suite: 0-1 suite-0-0
[2023-03-02T07:27:15.393] [INFO] debug - Aggregated 6 specs, 6 suites, 
[2023-03-02T07:27:15.393] [INFO] debug - Json report write starting: C:\Users\jerem\OneDrive\Desktop\WebdriverIO\reports\html-reports\master-report.json
[2023-03-02T07:27:15.431] [INFO] debug - Json write completed: C:\Users\jerem\OneDrive\Desktop\WebdriverIO\reports\html-reports\master-report.json
[2023-03-02T07:27:15.431] [INFO] debug - Json Generation Completed
[2023-03-02T07:27:15.431] [INFO] debug - Html Generation started in C:\Users\jerem\OneDrive\Desktop\WebdriverIO\node_modules\wdio-html-nice-reporter
[2023-03-02T07:27:15.452] [INFO] debug - Html Generation Completed
[2023-03-02T07:27:15.458] [INFO] debug - copyied css : C:\Users\jerem\OneDrive\Desktop\WebdriverIO\node_modules\wdio-html-nice-reporter\css\ to C:\Users\jerem\OneDrive\Desktop\WebdriverIO\reports\html-reports\
[2023-03-02T07:27:15.464] [INFO] debug - browser launched
[2023-03-02T07:27:15.465] [INFO] debug - Report Aggregation completed
[2023-03-02T07:29:01.222] [INFO] debug - Report Aggregation started
[2023-03-02T07:29:01.229] [INFO] debug - Included metrics for suite: 0-3 suite-0-0
[2023-03-02T07:29:01.229] [INFO] debug - Included metrics for suite: 0-4 suite-0-0
[2023-03-02T07:29:01.229] [INFO] debug - Included metrics for suite: 0-5 suite-0-0
[2023-03-02T07:29:01.229] [INFO] debug - Included metrics for suite: 0-0 suite-0-0
[2023-03-02T07:29:01.230] [INFO] debug - Included metrics for suite: 0-2 suite-0-0
[2023-03-02T07:29:01.230] [INFO] debug - Included metrics for suite: 0-1 suite-0-0
[2023-03-02T07:29:01.230] [INFO] debug - Included metrics for suite: 0-0 suite-0-0
[2023-03-02T07:29:01.230] [INFO] debug - Included metrics for suite: 0-2 suite-0-0
[2023-03-02T07:29:01.231] [INFO] debug - Included metrics for suite: 0-1 suite-0-0
[2023-03-02T07:29:01.231] [INFO] debug - Included metrics for suite: 0-5 suite-0-0
[2023-03-02T07:29:01.231] [INFO] debug - Included metrics for suite: 0-3 suite-0-0
[2023-03-02T07:29:01.231] [INFO] debug - Included metrics for suite: 0-4 suite-0-0
[2023-03-02T07:29:01.232] [INFO] debug - Aggregated 7 specs, 12 suites, 
[2023-03-02T07:29:01.233] [INFO] debug - Json report write starting: C:\Users\jerem\OneDrive\Desktop\WebdriverIO\reports\html-reports\master-report.json
[2023-03-02T07:29:01.266] [INFO] debug - Json write completed: C:\Users\jerem\OneDrive\Desktop\WebdriverIO\reports\html-reports\master-report.json
[2023-03-02T07:29:01.266] [INFO] debug - Json Generation Completed
[2023-03-02T07:29:01.267] [INFO] debug - Html Generation started in C:\Users\jerem\OneDrive\Desktop\WebdriverIO\node_modules\wdio-html-nice-reporter
[2023-03-02T07:29:01.291] [INFO] debug - Html Generation Completed
[2023-03-02T07:29:01.300] [INFO] debug - copyied css : C:\Users\jerem\OneDrive\Desktop\WebdriverIO\node_modules\wdio-html-nice-reporter\css\ to C:\Users\jerem\OneDrive\Desktop\WebdriverIO\reports\html-reports\
[2023-03-02T07:29:01.309] [INFO] debug - browser launched
[2023-03-02T07:29:01.309] [INFO] debug - Report Aggregation completed
[2023-03-02T08:46:07.777] [INFO] debug - Report Aggregation started
[2023-03-02T08:46:07.783] [INFO] debug - Included metrics for suite: 0-1 suite-0-0
[2023-03-02T08:46:07.783] [INFO] debug - Included metrics for suite: 0-2 suite-0-0
[2023-03-02T08:46:07.783] [INFO] debug - Included metrics for suite: 0-0 suite-0-0
[2023-03-02T08:46:07.784] [INFO] debug - Included metrics for suite: 0-3 suite-0-0
[2023-03-02T08:46:07.784] [INFO] debug - Included metrics for suite: 0-5 suite-0-0
[2023-03-02T08:46:07.784] [INFO] debug - Included metrics for suite: 0-4 suite-0-0
[2023-03-02T08:46:07.785] [INFO] debug - Aggregated 6 specs, 6 suites, 
[2023-03-02T08:46:07.785] [INFO] debug - Json report write starting: C:\Users\jerem\OneDrive\Desktop\WebdriverIO\reports\html-reports\master-report.json
[2023-03-02T08:46:07.813] [INFO] debug - Json write completed: C:\Users\jerem\OneDrive\Desktop\WebdriverIO\reports\html-reports\master-report.json
[2023-03-02T08:46:07.814] [INFO] debug - Json Generation Completed
[2023-03-02T08:46:07.815] [INFO] debug - Html Generation started in C:\Users\jerem\OneDrive\Desktop\WebdriverIO\node_modules\wdio-html-nice-reporter
[2023-03-02T08:46:07.845] [INFO] debug - Html Generation Completed
[2023-03-02T08:46:07.855] [INFO] debug - copyied css : C:\Users\jerem\OneDrive\Desktop\WebdriverIO\node_modules\wdio-html-nice-reporter\css\ to C:\Users\jerem\OneDrive\Desktop\WebdriverIO\reports\html-reports\
[2023-03-02T08:46:07.864] [INFO] debug - browser launched
[2023-03-02T08:46:07.864] [INFO] debug - Report Aggregation completed
[2023-03-02T09:01:31.210] [INFO] debug - Report Aggregation started
[2023-03-02T09:01:31.216] [INFO] debug - Included metrics for suite: 0-1 suite-0-0
[2023-03-02T09:01:31.217] [INFO] debug - Included metrics for suite: 0-2 suite-0-0
[2023-03-02T09:01:31.217] [INFO] debug - Included metrics for suite: 0-0 suite-0-0
[2023-03-02T09:01:31.217] [INFO] debug - Included metrics for suite: 0-3 suite-0-0
[2023-03-02T09:01:31.218] [INFO] debug - Included metrics for suite: 0-5 suite-0-0
[2023-03-02T09:01:31.218] [INFO] debug - Included metrics for suite: 0-4 suite-0-0
[2023-03-02T09:01:31.218] [INFO] debug - Included metrics for suite: 0-1 suite-0-0
[2023-03-02T09:01:31.218] [INFO] debug - Included metrics for suite: 0-2 suite-0-0
[2023-03-02T09:01:31.219] [INFO] debug - Included metrics for suite: 0-0 suite-0-0
[2023-03-02T09:01:31.219] [INFO] debug - Included metrics for suite: 0-3 suite-0-0
[2023-03-02T09:01:31.219] [INFO] debug - Included metrics for suite: 0-5 suite-0-0
[2023-03-02T09:01:31.219] [INFO] debug - Included metrics for suite: 0-4 suite-0-0
[2023-03-02T09:01:31.220] [INFO] debug - Aggregated 7 specs, 12 suites, 
[2023-03-02T09:01:31.221] [INFO] debug - Json report write starting: C:\Users\jerem\OneDrive\Desktop\WebdriverIO\reports\html-reports\master-report.json
[2023-03-02T09:01:31.256] [INFO] debug - Json write completed: C:\Users\jerem\OneDrive\Desktop\WebdriverIO\reports\html-reports\master-report.json
[2023-03-02T09:01:31.257] [INFO] debug - Json Generation Completed
[2023-03-02T09:01:31.257] [INFO] debug - Html Generation started in C:\Users\jerem\OneDrive\Desktop\WebdriverIO\node_modules\wdio-html-nice-reporter
[2023-03-02T09:01:31.281] [INFO] debug - Html Generation Completed
[2023-03-02T09:01:31.288] [INFO] debug - copyied css : C:\Users\jerem\OneDrive\Desktop\WebdriverIO\node_modules\wdio-html-nice-reporter\css\ to C:\Users\jerem\OneDrive\Desktop\WebdriverIO\reports\html-reports\
[2023-03-02T09:01:31.296] [INFO] debug - browser launched
[2023-03-02T09:01:31.296] [INFO] debug - Report Aggregation completed
[2023-03-02T09:39:51.304] [INFO] debug - Report Aggregation started
[2023-03-02T09:39:51.309] [INFO] debug - Included metrics for suite: 0-2 suite-0-0
[2023-03-02T09:39:51.310] [INFO] debug - Included metrics for suite: 0-0 suite-0-0
[2023-03-02T09:39:51.310] [INFO] debug - Included metrics for suite: 0-4 suite-0-0
[2023-03-02T09:39:51.310] [INFO] debug - Included metrics for suite: 0-3 suite-0-0
[2023-03-02T09:39:51.310] [INFO] debug - Included metrics for suite: 0-1 suite-0-0
[2023-03-02T09:39:51.311] [INFO] debug - Included metrics for suite: 0-5 suite-0-0
[2023-03-02T09:39:51.311] [INFO] debug - Aggregated 6 specs, 6 suites, 
[2023-03-02T09:39:51.312] [INFO] debug - Json report write starting: C:\Users\jerem\OneDrive\Desktop\WebdriverIO\reports\html-reports\master-report.json
[2023-03-02T09:39:51.340] [INFO] debug - Json write completed: C:\Users\jerem\OneDrive\Desktop\WebdriverIO\reports\html-reports\master-report.json
[2023-03-02T09:39:51.340] [INFO] debug - Json Generation Completed
[2023-03-02T09:39:51.341] [INFO] debug - Html Generation started in C:\Users\jerem\OneDrive\Desktop\WebdriverIO\node_modules\wdio-html-nice-reporter
[2023-03-02T09:39:51.362] [INFO] debug - Html Generation Completed
[2023-03-02T09:39:51.373] [INFO] debug - copyied css : C:\Users\jerem\OneDrive\Desktop\WebdriverIO\node_modules\wdio-html-nice-reporter\css\ to C:\Users\jerem\OneDrive\Desktop\WebdriverIO\reports\html-reports\
[2023-03-02T09:39:51.382] [INFO] debug - browser launched
[2023-03-02T09:39:51.382] [INFO] debug - Report Aggregation completed
[2023-03-02T09:45:39.194] [INFO] debug - Report Aggregation started
[2023-03-02T09:45:39.200] [INFO] debug - Included metrics for suite: 0-2 suite-0-0
[2023-03-02T09:45:39.200] [INFO] debug - Included metrics for suite: 0-0 suite-0-0
[2023-03-02T09:45:39.200] [INFO] debug - Included metrics for suite: 0-4 suite-0-0
[2023-03-02T09:45:39.201] [INFO] debug - Included metrics for suite: 0-3 suite-0-0
[2023-03-02T09:45:39.201] [INFO] debug - Included metrics for suite: 0-1 suite-0-0
[2023-03-02T09:45:39.201] [INFO] debug - Included metrics for suite: 0-5 suite-0-0
[2023-03-02T09:45:39.201] [INFO] debug - Included metrics for suite: 0-2 suite-0-0
[2023-03-02T09:45:39.201] [INFO] debug - Included metrics for suite: 0-0 suite-0-0
[2023-03-02T09:45:39.202] [INFO] debug - Included metrics for suite: 0-4 suite-0-0
[2023-03-02T09:45:39.202] [INFO] debug - Included metrics for suite: 0-3 suite-0-0
[2023-03-02T09:45:39.202] [INFO] debug - Included metrics for suite: 0-1 suite-0-0
[2023-03-02T09:45:39.202] [INFO] debug - Included metrics for suite: 0-5 suite-0-0
[2023-03-02T09:45:39.203] [INFO] debug - Aggregated 7 specs, 12 suites, 
[2023-03-02T09:45:39.203] [INFO] debug - Json report write starting: C:\Users\jerem\OneDrive\Desktop\WebdriverIO\reports\html-reports\master-report.json
[2023-03-02T09:45:39.241] [INFO] debug - Json write completed: C:\Users\jerem\OneDrive\Desktop\WebdriverIO\reports\html-reports\master-report.json
[2023-03-02T09:45:39.242] [INFO] debug - Json Generation Completed
[2023-03-02T09:45:39.242] [INFO] debug - Html Generation started in C:\Users\jerem\OneDrive\Desktop\WebdriverIO\node_modules\wdio-html-nice-reporter
[2023-03-02T09:45:39.266] [INFO] debug - Html Generation Completed
[2023-03-02T09:45:39.273] [INFO] debug - copyied css : C:\Users\jerem\OneDrive\Desktop\WebdriverIO\node_modules\wdio-html-nice-reporter\css\ to C:\Users\jerem\OneDrive\Desktop\WebdriverIO\reports\html-reports\
[2023-03-02T09:45:39.280] [INFO] debug - browser launched
[2023-03-02T09:45:39.281] [INFO] debug - Report Aggregation completed
